<?xml version="1.0" encoding="UTF-8"?>
<testsuite name="com.mjc.school.ApplicationIntegrationTest" tests="1" skipped="0" failures="0" errors="0" timestamp="2023-08-20T19:25:14" hostname="1PC" time="6.947">
  <properties/>
  <testcase name="contextLoads()" classname="com.mjc.school.ApplicationIntegrationTest" time="6.947"/>
  <system-out><![CDATA[01:25:16.474 [Test worker] INFO org.springframework.data.repository.config.RepositoryConfigurationDelegate -- Bootstrapping Spring Data JPA repositories in DEFAULT mode.
01:25:16.535 [Test worker] INFO org.springframework.data.repository.config.RepositoryConfigurationDelegate -- Finished Spring Data repository scanning in 34 ms. Found 0 JPA repository interfaces.
01:25:17.177 [Test worker] INFO org.hibernate.jpa.internal.util.LogHelper -- HHH000204: Processing PersistenceUnitInfo [name: default]
01:25:17.251 [Test worker] INFO org.hibernate.Version -- HHH000412: Hibernate ORM core version 5.6.14.Final
01:25:17.640 [Test worker] INFO org.hibernate.annotations.common.Version -- HCANN000001: Hibernate Commons Annotations {5.1.2.Final}
01:25:18.276 [Test worker] INFO org.hibernate.dialect.Dialect -- HHH000400: Using dialect: org.hibernate.dialect.PostgreSQLDialect
01:25:19.734 [Test worker] INFO org.hibernate.engine.transaction.jta.platform.internal.JtaPlatformInitiator -- HHH000490: Using JtaPlatform implementation: [org.hibernate.engine.transaction.jta.platform.internal.NoJtaPlatform]
01:25:19.752 [Test worker] INFO org.springframework.orm.jpa.LocalContainerEntityManagerFactoryBean -- Initialized JPA EntityManagerFactory for persistence unit 'default'
]]></system-out>
  <system-err><![CDATA[]]></system-err>
</testsuite>
